<?xml version="1.0" encoding="UTF-8"?>
<robot generator="Robot 6.0.2 (Python 3.11.1 on win32)" generated="20230128 10:43:37.390" rpa="false" schemaversion="3">
<suite id="s1" name="Modelo" source="C:\Users\Alexandre\Desktop\desafio_qa\modelo.robot">
<test id="s1-t1" name="Cenário 1: Acessando o Cep Valido" line="31">
<kw name="abrir consulta cep">
<kw name="Open Browser" library="SeleniumLibrary">
<arg>https://apicep.com/</arg>
<doc>Opens a new browser instance to the optional ``url``.</doc>
<msg timestamp="20230128 10:43:38.030" level="INFO">Opening browser 'firefox' to base url 'https://apicep.com/'.</msg>
<msg timestamp="20230128 10:43:38.043" level="INFO">Firefox driver log is always forced to to: C:\Users\Alexandre\Desktop\desafio_qa\geckodriver-1.log</msg>
<status status="PASS" starttime="20230128 10:43:38.030" endtime="20230128 10:43:50.340"/>
</kw>
<status status="PASS" starttime="20230128 10:43:38.029" endtime="20230128 10:43:50.340"/>
</kw>
<kw name="selecionar cep">
<kw name="Input Text" library="SeleniumLibrary">
<arg>inputcep</arg>
<arg>${cep_ok}</arg>
<doc>Types the given ``text`` into the text field identified by ``locator``.</doc>
<msg timestamp="20230128 10:43:50.367" level="INFO">Typing text '21240-050' into text field 'inputcep'.</msg>
<status status="PASS" starttime="20230128 10:43:50.365" endtime="20230128 10:43:50.518"/>
</kw>
<status status="PASS" starttime="20230128 10:43:50.365" endtime="20230128 10:43:50.519"/>
</kw>
<kw name="clicar button">
<kw name="Press Keys" library="SeleniumLibrary">
<arg>btnbuscarcep</arg>
<arg>enter</arg>
<doc>Simulates the user pressing key(s) to an element or on the active browser.</doc>
<msg timestamp="20230128 10:43:50.525" level="INFO">Sending key(s) ('enter',) to btnbuscarcep element.</msg>
<msg timestamp="20230128 10:43:50.842" level="INFO">Sending keys enter</msg>
<status status="PASS" starttime="20230128 10:43:50.524" endtime="20230128 10:43:50.860"/>
</kw>
<status status="PASS" starttime="20230128 10:43:50.523" endtime="20230128 10:43:50.861"/>
</kw>
<kw name="selecionando delay">
<kw name="Set Selenium Speed" library="SeleniumLibrary">
<arg>3.0</arg>
<doc>Sets the delay that is waited after each Selenium command.</doc>
<status status="PASS" starttime="20230128 10:43:50.862" endtime="20230128 10:43:50.863"/>
</kw>
<status status="PASS" starttime="20230128 10:43:50.862" endtime="20230128 10:43:50.863"/>
</kw>
<kw name="condition">
<kw name="Get Text" library="SeleniumLibrary">
<var>${element}</var>
<arg>outputcep</arg>
<doc>Returns the text value of the element identified by ``locator``.</doc>
<msg timestamp="20230128 10:43:56.921" level="INFO">${element} = Rua Plínio Barreto, Jardim América - Rio de Janeiro / RJ</msg>
<status status="PASS" starttime="20230128 10:43:50.864" endtime="20230128 10:43:56.921"/>
</kw>
<kw name="Should Be Equal" library="BuiltIn">
<arg>${element}</arg>
<arg>${return_ok}</arg>
<doc>Fails if the given objects are unequal.</doc>
<status status="PASS" starttime="20230128 10:43:56.921" endtime="20230128 10:43:56.922"/>
</kw>
<status status="PASS" starttime="20230128 10:43:50.863" endtime="20230128 10:43:56.923"/>
</kw>
<status status="PASS" starttime="20230128 10:43:38.027" endtime="20230128 10:43:56.924"/>
</test>
<test id="s1-t2" name="Cenário 2: Acessando o Cep Invalido" line="39">
<kw name="abrir consulta cep">
<kw name="Open Browser" library="SeleniumLibrary">
<arg>https://apicep.com/</arg>
<doc>Opens a new browser instance to the optional ``url``.</doc>
<msg timestamp="20230128 10:43:56.932" level="INFO">Opening browser 'firefox' to base url 'https://apicep.com/'.</msg>
<msg timestamp="20230128 10:43:56.934" level="INFO">Firefox driver log is always forced to to: C:\Users\Alexandre\Desktop\desafio_qa\geckodriver-2.log</msg>
<status status="PASS" starttime="20230128 10:43:56.931" endtime="20230128 10:44:08.327"/>
</kw>
<status status="PASS" starttime="20230128 10:43:56.930" endtime="20230128 10:44:08.327"/>
</kw>
<kw name="selecionar cep errado">
<kw name="Input Text" library="SeleniumLibrary">
<arg>inputcep</arg>
<arg>${cep_fail}</arg>
<doc>Types the given ``text`` into the text field identified by ``locator``.</doc>
<msg timestamp="20230128 10:44:08.331" level="INFO">Typing text '21240-584' into text field 'inputcep'.</msg>
<status status="PASS" starttime="20230128 10:44:08.329" endtime="20230128 10:44:17.464"/>
</kw>
<status status="PASS" starttime="20230128 10:44:08.329" endtime="20230128 10:44:17.464"/>
</kw>
<kw name="clicar button">
<kw name="Press Keys" library="SeleniumLibrary">
<arg>btnbuscarcep</arg>
<arg>enter</arg>
<doc>Simulates the user pressing key(s) to an element or on the active browser.</doc>
<msg timestamp="20230128 10:44:17.466" level="INFO">Sending key(s) ('enter',) to btnbuscarcep element.</msg>
<msg timestamp="20230128 10:44:23.824" level="INFO">Sending keys enter</msg>
<status status="PASS" starttime="20230128 10:44:17.465" endtime="20230128 10:44:26.853"/>
</kw>
<status status="PASS" starttime="20230128 10:44:17.464" endtime="20230128 10:44:26.853"/>
</kw>
<kw name="selecionando delay">
<kw name="Set Selenium Speed" library="SeleniumLibrary">
<arg>3.0</arg>
<doc>Sets the delay that is waited after each Selenium command.</doc>
<status status="PASS" starttime="20230128 10:44:26.855" endtime="20230128 10:44:26.856"/>
</kw>
<status status="PASS" starttime="20230128 10:44:26.855" endtime="20230128 10:44:26.856"/>
</kw>
<kw name="condition">
<kw name="Get Text" library="SeleniumLibrary">
<var>${element}</var>
<arg>outputcep</arg>
<doc>Returns the text value of the element identified by ``locator``.</doc>
<msg timestamp="20230128 10:44:32.921" level="INFO">${element} = CEP não encontrado</msg>
<status status="PASS" starttime="20230128 10:44:26.859" endtime="20230128 10:44:32.921"/>
</kw>
<kw name="Should Be Equal" library="BuiltIn">
<arg>${element}</arg>
<arg>${return_ok}</arg>
<doc>Fails if the given objects are unequal.</doc>
<msg timestamp="20230128 10:44:32.923" level="FAIL">CEP não encontrado != Rua Plínio Barreto, Jardim América - Rio de Janeiro / RJ</msg>
<status status="FAIL" starttime="20230128 10:44:32.921" endtime="20230128 10:44:32.923"/>
</kw>
<status status="FAIL" starttime="20230128 10:44:26.858" endtime="20230128 10:44:32.923"/>
</kw>
<status status="FAIL" starttime="20230128 10:43:56.929" endtime="20230128 10:44:32.925">CEP não encontrado != Rua Plínio Barreto, Jardim América - Rio de Janeiro / RJ</status>
</test>
<status status="FAIL" starttime="20230128 10:43:37.395" endtime="20230128 10:44:32.932"/>
</suite>
<statistics>
<total>
<stat pass="1" fail="1" skip="0">All Tests</stat>
</total>
<tag>
</tag>
<suite>
<stat pass="1" fail="1" skip="0" id="s1" name="Modelo">Modelo</stat>
</suite>
</statistics>
<errors>
</errors>
</robot>
